Using pre-set license
Built from '2020.3/china_unity/release' branch; Version is '2020.3.14f1c1 (ed787cdc2846) revision 15562876'; Using compiler version '192528614'; Build Type 'Release'
OS: 'Windows 10 Home China; OS build 19042.1348; Version 2009; 64bit' Language: 'zh' Physical Memory: 16263 MB
BatchMode: 1, IsHumanControllingUs: 0, StartBugReporterOnCrash: 0, Is64bit: 1, IsPro: 0

 COMMAND LINE ARGUMENTS:
C:\Program Files\Unity\Hub\Editor\2020.3.14f1c1\Editor\Unity.exe
-adb2
-batchMode
-noUpm
-name
AssetImportWorker0
-projectPath
G:/ToyEmpires/ToyEmpires/ToyEmpires
-logFile
Logs/AssetImportWorker0.log
-srvPort
56771
Successfully changed project path to: G:/ToyEmpires/ToyEmpires/ToyEmpires
G:/ToyEmpires/ToyEmpires/ToyEmpires
Using Asset Import Pipeline V2.
Refreshing native plugins compatible for Editor in 74.20 ms, found 2 plugins.
Preloading 0 native plugins for Editor in 0.00 ms.
Initialize engine version: 2020.3.14f1c1 (ed787cdc2846)
[Subsystems] Discovering subsystems at path C:/Program Files/Unity/Hub/Editor/2020.3.14f1c1/Editor/Data/Resources/UnitySubsystems
[Subsystems] Discovering subsystems at path G:/ToyEmpires/ToyEmpires/ToyEmpires/Assets
GfxDevice: creating device client; threaded=0
Direct3D:
    Version:  Direct3D 11.0 [level 11.1]
    Renderer: NVIDIA GeForce GTX 1060 (ID=0x1c60)
    Vendor:   
    VRAM:     6052 MB
    Driver:   27.21.14.6280
Shader 'Universal Render Pipeline/Particles/Lit': fallback shader 'Universal Render Pipeline/Particles/SimpleLit' not found
Initialize mono
Mono path[0] = 'C:/Program Files/Unity/Hub/Editor/2020.3.14f1c1/Editor/Data/Managed'
Mono path[1] = 'C:/Program Files/Unity/Hub/Editor/2020.3.14f1c1/Editor/Data/MonoBleedingEdge/lib/mono/unityjit'
Mono config path = 'C:/Program Files/Unity/Hub/Editor/2020.3.14f1c1/Editor/Data/MonoBleedingEdge/etc'
Using monoOptions --debugger-agent=transport=dt_socket,embedding=1,server=y,suspend=n,address=127.0.0.1:56556
Begin MonoManager ReloadAssembly
Registering precompiled unity dll's ...
Register platform support module: C:/Program Files/Unity/Hub/Editor/2020.3.14f1c1/Editor/Data/PlaybackEngines/WindowsStandaloneSupport/UnityEditor.WindowsStandalone.Extensions.dll
Registered in 0.002243 seconds.
Native extension for WindowsStandalone target not found
Refreshing native plugins compatible for Editor in 66.01 ms, found 2 plugins.
Preloading 0 native plugins for Editor in 0.00 ms.
Mono: successfully reloaded assembly
- Completed reload, in  1.862 seconds
Domain Reload Profiling:
	ReloadAssembly (1862ms)
		BeginReloadAssembly (61ms)
			ExecutionOrderSort (0ms)
			DisableScriptedObjects (0ms)
			BackupInstance (0ms)
			ReleaseScriptingObjects (0ms)
			CreateAndSetChildDomain (1ms)
		EndReloadAssembly (513ms)
			LoadAssemblies (58ms)
			RebuildTransferFunctionScriptingTraits (0ms)
			SetupTypeCache (183ms)
			ReleaseScriptCaches (0ms)
			RebuildScriptCaches (37ms)
			SetupLoadedEditorAssemblies (207ms)
				LogAssemblyErrors (0ms)
				InitializePlatformSupportModulesInManaged (5ms)
				SetLoadedEditorAssemblies (0ms)
				RefreshPlugins (66ms)
				BeforeProcessingInitializeOnLoad (12ms)
				ProcessInitializeOnLoadAttributes (93ms)
				ProcessInitializeOnLoadMethodAttributes (31ms)
				AfterProcessingInitializeOnLoad (0ms)
				EditorAssembliesLoaded (0ms)
			ExecutionOrderSort2 (0ms)
			AwakeInstancesAfterBackupRestoration (0ms)
Platform modules already initialized, skipping
Registering precompiled user dll's ...
Registered in 0.006463 seconds.
Begin MonoManager ReloadAssembly
Native extension for WindowsStandalone target not found
Refreshing native plugins compatible for Editor in 74.95 ms, found 2 plugins.
Preloading 0 native plugins for Editor in 0.00 ms.
Mono: successfully reloaded assembly
- Completed reload, in  1.435 seconds
Domain Reload Profiling:
	ReloadAssembly (1436ms)
		BeginReloadAssembly (170ms)
			ExecutionOrderSort (0ms)
			DisableScriptedObjects (7ms)
			BackupInstance (0ms)
			ReleaseScriptingObjects (0ms)
			CreateAndSetChildDomain (22ms)
		EndReloadAssembly (1195ms)
			LoadAssemblies (110ms)
			RebuildTransferFunctionScriptingTraits (0ms)
			SetupTypeCache (380ms)
			ReleaseScriptCaches (1ms)
			RebuildScriptCaches (76ms)
			SetupLoadedEditorAssemblies (481ms)
				LogAssemblyErrors (0ms)
				InitializePlatformSupportModulesInManaged (5ms)
				SetLoadedEditorAssemblies (0ms)
				RefreshPlugins (75ms)
				BeforeProcessingInitializeOnLoad (127ms)
				ProcessInitializeOnLoadAttributes (259ms)
				ProcessInitializeOnLoadMethodAttributes (5ms)
				AfterProcessingInitializeOnLoad (9ms)
				EditorAssembliesLoaded (0ms)
			ExecutionOrderSort2 (0ms)
			AwakeInstancesAfterBackupRestoration (7ms)
Platform modules already initialized, skipping
========================================================================
Worker process is ready to serve import requests
Shader 'Universal Render Pipeline/Particles/Lit': fallback shader 'Universal Render Pipeline/Particles/SimpleLit' not found
Launched and connected shader compiler UnityShaderCompiler.exe after 0.10 seconds
Refreshing native plugins compatible for Editor in 0.58 ms, found 2 plugins.
Preloading 0 native plugins for Editor in 0.00 ms.
Unloading 3177 Unused Serialized files (Serialized files now loaded: 0)
System memory in use before: 158.8 MB.
System memory in use after: 159.0 MB.

Unloading 23 unused Assets to reduce memory usage. Loaded Objects now: 3626.
Total: 2.951100 ms (FindLiveObjects: 0.380700 ms CreateObjectMapping: 0.177300 ms MarkObjects: 2.303600 ms  DeleteObjects: 0.088200 ms)

AssetImportParameters requested are different than current active one (requested -> active):
  custom:framework-win-MediaFoundation: 216162199b28c13a410421893ffa2e32 -> 
  custom:video-decoder-ogg-theora: a1e56fd34408186e4bbccfd4996cb3dc -> 
  custom:container-muxer-webm: aa71ff27fc2769a1b78a27578f13a17b -> 
  custom:container-demuxer-webm: 4f35f7cbe854078d1ac9338744f61a02 -> 
  custom:container-demuxer-ogg: 62fdf1f143b41e24485cea50d1cbac27 -> 
  custom:video-encoder-webm-vp8: eb34c28f22e8b96e1ab97ce403110664 -> 
  custom:video-codec-MediaFoundation-h265: 746d11721c4dcdbdad8f713fa42b33f4 -> 
  custom:video-decoder-webm-vp8: 9c59270c3fd7afecdb556c50c9e8de78 -> 
  custom:audio-decoder-ogg-vorbis: bf7c407c2cedff20999df2af8eb42d56 -> 
  custom:audio-encoder-webm-vorbis: bf7c407c2cedff20999df2af8eb42d56 -> 
========================================================================
Received Import Request.
  path: Assets/DefaultEditorResources/Node_Editor_Framework/CurSession.asset
  artifactKey: Guid(8ba3949c894ade447addaa5798ad7b5c) Importer(815301076,1909f56bfc062723c751e8b465ee728b)
Start importing Assets/DefaultEditorResources/Node_Editor_Framework/CurSession.asset using Guid(8ba3949c894ade447addaa5798ad7b5c) Importer(815301076,1909f56bfc062723c751e8b465ee728b)  -> (artifact id: '70ff93a25211cedb879ec396e3006147') in 0.047835 seconds 
  Import took 0.203991 seconds .

========================================================================
Received Import Request.
  Time since last request: 94.013395 seconds.
  path: Assets/DefaultEditorResources/Node_Editor_Framework/CurSession.asset
  artifactKey: Guid(8ba3949c894ade447addaa5798ad7b5c) Importer(815301076,1909f56bfc062723c751e8b465ee728b)
Start importing Assets/DefaultEditorResources/Node_Editor_Framework/CurSession.asset using Guid(8ba3949c894ade447addaa5798ad7b5c) Importer(815301076,1909f56bfc062723c751e8b465ee728b)  -> (artifact id: 'be81b1ba37e299ff74e8aabc7e0aaeeb') in 0.004670 seconds 
  Import took 0.023759 seconds .

========================================================================
Received Import Request.
  Time since last request: 103.619086 seconds.
  path: Assets/DefaultEditorResources/Node_Editor_Framework/CurSession.asset
  artifactKey: Guid(8ba3949c894ade447addaa5798ad7b5c) Importer(815301076,1909f56bfc062723c751e8b465ee728b)
Start importing Assets/DefaultEditorResources/Node_Editor_Framework/CurSession.asset using Guid(8ba3949c894ade447addaa5798ad7b5c) Importer(815301076,1909f56bfc062723c751e8b465ee728b)  -> (artifact id: '45faa30d6309cada9ebb47da8bab8a88') in 0.005919 seconds 
  Import took 0.027042 seconds .

========================================================================
Received Import Request.
  Time since last request: 90.555227 seconds.
  path: Assets/DefaultEditorResources/Node_Editor_Framework/CurSession.asset
  artifactKey: Guid(8ba3949c894ade447addaa5798ad7b5c) Importer(815301076,1909f56bfc062723c751e8b465ee728b)
Start importing Assets/DefaultEditorResources/Node_Editor_Framework/CurSession.asset using Guid(8ba3949c894ade447addaa5798ad7b5c) Importer(815301076,1909f56bfc062723c751e8b465ee728b)  -> (artifact id: 'ab2d77555b507631f26309250d46c521') in 0.004819 seconds 
  Import took 0.017573 seconds .

========================================================================
Received Import Request.
  Time since last request: 81.376003 seconds.
  path: Assets/DefaultEditorResources/Node_Editor_Framework/CurSession.asset
  artifactKey: Guid(8ba3949c894ade447addaa5798ad7b5c) Importer(815301076,1909f56bfc062723c751e8b465ee728b)
Start importing Assets/DefaultEditorResources/Node_Editor_Framework/CurSession.asset using Guid(8ba3949c894ade447addaa5798ad7b5c) Importer(815301076,1909f56bfc062723c751e8b465ee728b)  -> (artifact id: '176453c122e6926a9e038de2e3758ffc') in 0.004430 seconds 
  Import took 0.014791 seconds .

========================================================================
Received Import Request.
  Time since last request: 214.951243 seconds.
  path: Assets/DefaultEditorResources/Node_Editor_Framework/CurSession.asset
  artifactKey: Guid(8ba3949c894ade447addaa5798ad7b5c) Importer(815301076,1909f56bfc062723c751e8b465ee728b)
Start importing Assets/DefaultEditorResources/Node_Editor_Framework/CurSession.asset using Guid(8ba3949c894ade447addaa5798ad7b5c) Importer(815301076,1909f56bfc062723c751e8b465ee728b)  -> (artifact id: '37128e6ba2eb484bbdc0648b3712ec9b') in 0.004978 seconds 
  Import took 0.023400 seconds .

========================================================================
Received Import Request.
  Time since last request: 206.239907 seconds.
  path: Assets/DefaultEditorResources/Node_Editor_Framework/CurSession.asset
  artifactKey: Guid(8ba3949c894ade447addaa5798ad7b5c) Importer(815301076,1909f56bfc062723c751e8b465ee728b)
Start importing Assets/DefaultEditorResources/Node_Editor_Framework/CurSession.asset using Guid(8ba3949c894ade447addaa5798ad7b5c) Importer(815301076,1909f56bfc062723c751e8b465ee728b)  -> (artifact id: '5902cba99721398496e58a48aedb93d8') in 0.004722 seconds 
  Import took 0.027249 seconds .

========================================================================
Received Import Request.
  Time since last request: 1014.457906 seconds.
  path: Assets/Resources/Prefabs/Units/Soldiers/Swordsman.prefab
  artifactKey: Guid(2d3db0ee0407e8f4c93c29d94c454f12) Importer(815301076,1909f56bfc062723c751e8b465ee728b)
Start importing Assets/Resources/Prefabs/Units/Soldiers/Swordsman.prefab using Guid(2d3db0ee0407e8f4c93c29d94c454f12) Importer(815301076,1909f56bfc062723c751e8b465ee728b)  -> (artifact id: '0d409c1a0502339785b05f3817f3c522') in 0.525185 seconds 
  Import took 0.857715 seconds .

AssetImportWorkerClient::OnTransportError - code=2 error=End of file
